#
# There is insufficient memory for the Java Runtime Environment to continue.
# Native memory allocation (mmap) failed to map 402653184 bytes. Error detail: G1 virtual space
# Possible reasons:
#   The system is out of physical RAM or swap space
#   This process is running with CompressedOops enabled, and the Java Heap may be blocking the growth of the native heap
# Possible solutions:
#   Reduce memory load on the system
#   Increase physical memory or swap space
#   Check if swap backing store is full
#   Decrease Java heap size (-Xmx/-Xms)
#   Decrease number of Java threads
#   Decrease Java thread stack sizes (-Xss)
#   Set larger code cache with -XX:ReservedCodeCacheSize=
#   JVM is running with Zero Based Compressed Oops mode in which the Java heap is
#     placed in the first 32GB address space. The Java Heap base address is the
#     maximum limit for the native heap growth. Please use -XX:HeapBaseMinAddress
#     to set the Java Heap base and to place the Java Heap above 32GB virtual address.
# This output file may be truncated or incomplete.
#
#  Out of Memory Error (os_windows.cpp:3828), pid=32520, tid=14320
#
# JRE version:  (21.0.4) (build )
# Java VM: OpenJDK 64-Bit Server VM (21.0.4+-12508038-b607.1, mixed mode, sharing, tiered, compressed oops, compressed class ptrs, g1 gc, windows-amd64)
# No core dump will be written. Minidumps are not enabled by default on client versions of Windows
#

---------------  S U M M A R Y ------------

Command Line: org.jetbrains.kotlin.cli.jvm.K2JVMCompiler @A:\ProjetoKotlin\app\build\20250310_15508178915884232342.compiler.options

Host: 11th Gen Intel(R) Core(TM) i5-11400 @ 2.60GHz, 12 cores, 23G,  Windows 10 , 64 bit Build 19041 (10.0.19041.5438)
Time: Mon Mar 10 09:33:52 2025 Hora oficial do Brasil elapsed time: 0.009670 seconds (0d 0h 0m 0s)

---------------  T H R E A D  ---------------

Current thread (0x0000021dd29fca30):  JavaThread "Unknown thread" [_thread_in_vm, id=14320, stack(0x000000245a900000,0x000000245aa00000) (1024K)]

Stack: [0x000000245a900000,0x000000245aa00000]
Native frames: (J=compiled Java code, j=interpreted, Vv=VM code, C=native code)
V  [jvm.dll+0x6ce539]
V  [jvm.dll+0x85bf03]
V  [jvm.dll+0x85e45e]
V  [jvm.dll+0x85eb43]
V  [jvm.dll+0x27dd06]
V  [jvm.dll+0x6cada5]
V  [jvm.dll+0x6bf27a]
V  [jvm.dll+0x3541fb]
V  [jvm.dll+0x35be36]
V  [jvm.dll+0x3adbc6]
V  [jvm.dll+0x3ade98]
V  [jvm.dll+0x32691c]
V  [jvm.dll+0x32760b]
V  [jvm.dll+0x823959]
V  [jvm.dll+0x3bacf8]
V  [jvm.dll+0x80cd58]
V  [jvm.dll+0x44ef2e]
V  [jvm.dll+0x450691]
C  [jli.dll+0x52ab]
C  [ucrtbase.dll+0x21bb2]
C  [KERNEL32.DLL+0x17374]
C  [ntdll.dll+0x4cc91]


---------------  P R O C E S S  ---------------

Threads class SMR info:
_java_thread_list=0x00007ffc15baa808, length=0, elements={
}

Java Threads: ( => current thread )
Total: 0

Other Threads:
  0x0000021dd4d8fea0 WorkerThread "GC Thread#0"                     [id=41724, stack(0x000000245aa00000,0x000000245ab00000) (1024K)]
  0x0000021dd4d9d550 ConcurrentGCThread "G1 Main Marker"            [id=31384, stack(0x000000245ab00000,0x000000245ac00000) (1024K)]
  0x0000021dd4d9e1c0 WorkerThread "G1 Conc#0"                       [id=14980, stack(0x000000245ac00000,0x000000245ad00000) (1024K)]

[error occurred during error reporting (printing all threads), id 0xc0000005, EXCEPTION_ACCESS_VIOLATION (0xc0000005) at pc=0x00007ffc153a9957]
VM state: not at safepoint (not fully initialized)

VM Mutex/Monitor currently owned by a thread:  ([mutex/lock_event])
[0x00007ffc15c173f8] Heap_lock - owner thread: 0x0000021dd29fca30

Heap address: 0x0000000682800000, size: 6104 MB, Compressed Oops mode: Zero based, Oop shift amount: 3

CDS archive(s) mapped at: [0x0000000000000000-0x0000000000000000-0x0000000000000000), size 0, SharedBaseAddress: 0x0000000800000000, ArchiveRelocationMode: 1.
Narrow klass base: 0x0000000000000000, Narrow klass shift: 0, Narrow klass range: 0x0

GC Precious Log:
 CardTable entry size: 512
 Card Set container configuration: InlinePtr #cards 4 size 8 Array Of Cards #cards 32 size 80 Howl #buckets 8 coarsen threshold 7372 Howl Bitmap #cards 1024 size 144 coarsen threshold 921 Card regions per heap region 1 cards per card region 8192

Heap:
 garbage-first heap   total 0K, used 0K [0x0000000682800000, 0x0000000800000000)
  region size 4096K, 0 young (0K), 0 survivors (0K)
 Metaspace       used 0K, committed 0K, reserved 0K
  class space    used 0K, committed 0K, reserved 0K

Heap Regions: E=young(eden), S=young(survivor), O=old, HS=humongous(starts), HC=humongous(continues), CS=collection set, F=free, TAMS=top-at-mark-start, PB=parsable bottom

Card table byte_map: [0x0000021de7fa0000,0x0000021de8b90000] _byte_map_base: 0x0000021de4b8c000

Marking Bits: (CMBitMap*) 0x0000021dd4d90db0
 Bits: [0x0000021de8b90000, 0x0000021deeaf0000)

GC Heap History (0 events):
No events

Dll operation events (1 events):
Event: 0.004 Loaded shared library G:\Program Files (x86)1\jbr\bin\java.dll

Deoptimization events (0 events):
No events

Classes loaded (0 events):
No events

Classes unloaded (0 events):
No events

Classes redefined (0 events):
No events

Internal exceptions (0 events):
No events

ZGC Phase Switch (0 events):
No events

VM Operations (0 events):
No events

Memory protections (0 events):
No events

Nmethod flushes (0 events):
No events

Events (0 events):
No events


Dynamic libraries:
0x00007ff629e40000 - 0x00007ff629e4a000 	G:\Program Files (x86)1\jbr\bin\java.exe
0x00007ffc65310000 - 0x00007ffc65508000 	C:\Windows\SYSTEM32\ntdll.dll
0x00007ffc633e0000 - 0x00007ffc634a2000 	C:\Windows\System32\KERNEL32.DLL
0x00007ffc62d10000 - 0x00007ffc6300f000 	C:\Windows\System32\KERNELBASE.dll
0x00007ffc63110000 - 0x00007ffc63210000 	C:\Windows\System32\ucrtbase.dll
0x00007ffc5ed00000 - 0x00007ffc5ed1b000 	G:\Program Files (x86)1\jbr\bin\VCRUNTIME140.dll
0x00007ffc46730000 - 0x00007ffc46748000 	G:\Program Files (x86)1\jbr\bin\jli.dll
0x00007ffc65130000 - 0x00007ffc652cd000 	C:\Windows\System32\USER32.dll
0x00007ffc62c70000 - 0x00007ffc62c92000 	C:\Windows\System32\win32u.dll
0x00007ffc54010000 - 0x00007ffc542aa000 	C:\Windows\WinSxS\amd64_microsoft.windows.common-controls_6595b64144ccf1df_6.0.19041.4355_none_60b8b9eb71f62e16\COMCTL32.dll
0x00007ffc64320000 - 0x00007ffc6434b000 	C:\Windows\System32\GDI32.dll
0x00007ffc64500000 - 0x00007ffc6459e000 	C:\Windows\System32\msvcrt.dll
0x00007ffc63210000 - 0x00007ffc6332a000 	C:\Windows\System32\gdi32full.dll
0x00007ffc62b40000 - 0x00007ffc62bdd000 	C:\Windows\System32\msvcp_win.dll
0x00007ffc645a0000 - 0x00007ffc645cf000 	C:\Windows\System32\IMM32.DLL
0x00007ffc5f650000 - 0x00007ffc5f65c000 	G:\Program Files (x86)1\jbr\bin\vcruntime140_1.dll
0x00007ffc179e0000 - 0x00007ffc17a6d000 	G:\Program Files (x86)1\jbr\bin\msvcp140.dll
0x00007ffc15070000 - 0x00007ffc15cf3000 	G:\Program Files (x86)1\jbr\bin\server\jvm.dll
0x00007ffc63330000 - 0x00007ffc633df000 	C:\Windows\System32\ADVAPI32.dll
0x00007ffc641a0000 - 0x00007ffc6423f000 	C:\Windows\System32\sechost.dll
0x00007ffc63f90000 - 0x00007ffc640b3000 	C:\Windows\System32\RPCRT4.dll
0x00007ffc629b0000 - 0x00007ffc629d7000 	C:\Windows\System32\bcrypt.dll
0x00007ffc64760000 - 0x00007ffc647cb000 	C:\Windows\System32\WS2_32.dll
0x00007ffc61f00000 - 0x00007ffc61f4b000 	C:\Windows\SYSTEM32\POWRPROF.dll
0x00007ffc59430000 - 0x00007ffc59457000 	C:\Windows\SYSTEM32\WINMM.dll
0x00007ffc5af50000 - 0x00007ffc5af5a000 	C:\Windows\SYSTEM32\VERSION.dll
0x00007ffc61d70000 - 0x00007ffc61d82000 	C:\Windows\SYSTEM32\UMPDC.dll
0x00007ffc60810000 - 0x00007ffc60822000 	C:\Windows\SYSTEM32\kernel.appcore.dll
0x00007ffc5ed80000 - 0x00007ffc5ed8a000 	G:\Program Files (x86)1\jbr\bin\jimage.dll
0x00007ffc58bb0000 - 0x00007ffc58d94000 	C:\Windows\SYSTEM32\DBGHELP.DLL
0x00007ffc3ab60000 - 0x00007ffc3ab94000 	C:\Windows\SYSTEM32\dbgcore.DLL
0x00007ffc62be0000 - 0x00007ffc62c62000 	C:\Windows\System32\bcryptPrimitives.dll
0x00007ffc57070000 - 0x00007ffc57090000 	G:\Program Files (x86)1\jbr\bin\java.dll

dbghelp: loaded successfully - version: 4.0.5 - missing functions: none
symbol engine: initialized successfully - sym options: 0x614 - pdb path: .;G:\Program Files (x86)1\jbr\bin;C:\Windows\SYSTEM32;C:\Windows\WinSxS\amd64_microsoft.windows.common-controls_6595b64144ccf1df_6.0.19041.4355_none_60b8b9eb71f62e16;G:\Program Files (x86)1\jbr\bin\server

VM Arguments:
java_command: org.jetbrains.kotlin.cli.jvm.K2JVMCompiler @A:\ProjetoKotlin\app\build\20250310_15508178915884232342.compiler.options
java_class_path (initial): C:\Users\PC\.gradle\caches\modules-2\files-2.1\org.jetbrains.kotlin\kotlin-compiler-embeddable\2.0.0\1de310de3446414381282ffc46c3ed3919a4d1da\kotlin-compiler-embeddable-2.0.0.jar;C:\Users\PC\.gradle\caches\modules-2\files-2.1\org.jetbrains.kotlin\kotlin-stdlib\2.0.0\b48df2c4aede9586cc931ead433bc02d6fd7879e\kotlin-stdlib-2.0.0.jar;C:\Users\PC\.gradle\caches\modules-2\files-2.1\org.jetbrains.kotlin\kotlin-script-runtime\2.0.0\fdc27dd047d592fa41d2dfa21e7621287a361612\kotlin-script-runtime-2.0.0.jar;C:\Users\PC\.gradle\caches\modules-2\files-2.1\org.jetbrains.kotlin\kotlin-reflect\1.6.10\1cbe9c92c12a94eea200d23c2bbaedaf3daf5132\kotlin-reflect-1.6.10.jar;C:\Users\PC\.gradle\caches\modules-2\files-2.1\org.jetbrains.kotlin\kotlin-daemon-embeddable\2.0.0\b39c612768614c4428c96ee9c65477181fffe9d\kotlin-daemon-embeddable-2.0.0.jar;C:\Users\PC\.gradle\caches\modules-2\files-2.1\org.jetbrains.intellij.deps\trove4j\1.0.20200330\3afb14d5f9ceb459d724e907a21145e8ff394f02\trove4j-1.0.20200330.jar;C:\Users\PC\.gradle\caches\modules-2\files-2.1\org.jetbrains\annotations\13.0\919f0dfe192fb4e063e7dacadee7f8bb9a2672a9\annotations-13.0.jar
Launcher Type: SUN_STANDARD

[Global flags]
     intx CICompilerCount                          = 4                                         {product} {ergonomic}
     uint ConcGCThreads                            = 3                                         {product} {ergonomic}
     uint G1ConcRefinementThreads                  = 10                                        {product} {ergonomic}
   size_t G1HeapRegionSize                         = 4194304                                   {product} {ergonomic}
    uintx GCDrainStackTargetSize                   = 64                                        {product} {ergonomic}
   size_t InitialHeapSize                          = 402653184                                 {product} {ergonomic}
   size_t MarkStackSize                            = 4194304                                   {product} {ergonomic}
   size_t MaxHeapSize                              = 6400507904                                {product} {ergonomic}
   size_t MinHeapDeltaBytes                        = 4194304                                   {product} {ergonomic}
   size_t MinHeapSize                              = 8388608                                   {product} {ergonomic}
    uintx NonNMethodCodeHeapSize                   = 5839372                                {pd product} {ergonomic}
    uintx NonProfiledCodeHeapSize                  = 122909434                              {pd product} {ergonomic}
    uintx ProfiledCodeHeapSize                     = 122909434                              {pd product} {ergonomic}
    uintx ReservedCodeCacheSize                    = 251658240                              {pd product} {ergonomic}
     bool SegmentedCodeCache                       = true                                      {product} {ergonomic}
   size_t SoftMaxHeapSize                          = 6400507904                             {manageable} {ergonomic}
     bool UseCompressedOops                        = true                           {product lp64_product} {ergonomic}
     bool UseG1GC                                  = true                                      {product} {ergonomic}
     bool UseLargePagesIndividualAllocation        = false                                  {pd product} {ergonomic}

Logging:
Log output configuration:
 #0: stdout all=warning uptime,level,tags foldmultilines=false
 #1: stderr all=off uptime,level,tags foldmultilines=false

Environment Variables:
PATH=C:\Python313\Scripts\;C:\Python313\;C:\Program Files (x86)\Common Files\Intel\Shared Libraries\redist\intel64\compiler;C:\Program Files\Common Files\Oracle\Java\javapath;C:\Windows\system32;C:\Windows;C:\Windows\System32\Wbem;C:\Windows\System32\WindowsPowerShell\v1.0\;C:\Windows\System32\OpenSSH\;C:\Program Files (x86)\NVIDIA Corporation\PhysX\Common;C:\Program Files\NVIDIA Corporation\NVIDIA NvDLISR;C:\Program Files\Git\cmd;D:\diogo\Download\sqlite;C:\Program Files\GitHub CLI\;C:\Program Files\nodejs\;C:\ProgramData\chocolatey\bin;C:\Program Files\nodejs;C:\Users\PC\AppData\Local\Microsoft\WindowsApps;C:\Users\PC\AppData\Local\Programs\Microsoft VS Code\bin;C:\Users\PC\AppData\Local\atom\bin;C:\Users\PC\AppData\Local\Programs\Python\Python311;C:\Users\PC\AppData\Local\Programs\Python\Python311\Scripts;C:\Users\PC\AppData\Roaming\npm
USERNAME=PC
OS=Windows_NT
PROCESSOR_IDENTIFIER=Intel64 Family 6 Model 167 Stepping 1, GenuineIntel
TMP=C:\Users\PC\AppData\Local\Temp
TEMP=C:\Users\PC\AppData\Local\Temp




Periodic native trim disabled

JNI global refs:
JNI global refs: 0, weak refs: 0

JNI global refs memory usage: 0, weak refs: 0

Process memory usage:
Resident Set Size: 10972K (0% of 24999396K total physical memory with 561756K free physical memory)

OOME stack traces (most recent first):
Classloader memory used:

---------------  S Y S T E M  ---------------

OS:
 Windows 10 , 64 bit Build 19041 (10.0.19041.5438)
OS uptime: 10 days 11:25 hours
Hyper-V role detected

CPU: total 12 (initial active 12) (6 cores per cpu, 2 threads per core) family 6 model 167 stepping 1 microcode 0x40, cx8, cmov, fxsr, ht, mmx, 3dnowpref, sse, sse2, sse3, ssse3, sse4.1, sse4.2, popcnt, lzcnt, tsc, tscinvbit, avx, avx2, aes, erms, clmul, bmi1, bmi2, adx, avx512f, avx512dq, avx512cd, avx512bw, avx512vl, sha, fma, vzeroupper, avx512_vpopcntdq, avx512_vpclmulqdq, avx512_vaes, avx512_vnni, clflush, clflushopt, avx512_vbmi2, avx512_vbmi, hv, rdtscp, rdpid, fsrm, gfni, avx512_bitalg, f16c, avx512_ifma
Processor Information for all 12 processors :
  Max Mhz: 2592, Current Mhz: 2592, Mhz Limit: 2592

Memory: 4k page, system-wide physical 24413M (548M free)
TotalPageFile size 52950M (AvailPageFile size 386M)
current process WorkingSet (physical memory assigned to process): 10M, peak: 10M
current process commit charge ("private bytes"): 64M, peak: 448M

vm_info: OpenJDK 64-Bit Server VM (21.0.4+-12508038-b607.1) for windows-amd64 JRE (21.0.4+-12508038-b607.1), built on 2024-10-16T17:23:34Z by "builder" with MS VC++ 16.10 / 16.11 (VS2019)

END.
